# JRE version: OpenJDK Runtime Environment (11.0.10) (build 11.0.10+0-b96-7249189)
# Java VM: OpenJDK 64-Bit Server VM (11.0.10+0-b96-7249189, mixed mode, tiered, compressed oops, g1 gc, windows-amd64)
Heap:
 garbage-first heap   total 378880K, used 283464K [0x0000000080000000, 0x0000000100000000)
  region size 1024K, 58 young (59392K), 5 survivors (5120K)
 Metaspace       used 160036K, capacity 166050K, committed 166400K, reserved 1193984K
  class space    used 19731K, capacity 21893K, committed 22016K, reserved 1048576K
GC Heap History (20 events):
Event: 1918.395 GC heap before
{Heap before GC invocations=84 (full 0):
 garbage-first heap   total 378880K, used 270495K [0x0000000080000000, 0x0000000100000000)
  region size 1024K, 93 young (95232K), 3 survivors (3072K)
 Metaspace       used 155187K, capacity 160308K, committed 160512K, reserved 1189888K
  class space    used 19140K, capacity 20978K, committed 20992K, reserved 1048576K
}
Event: 1918.405 GC heap after
{Heap after GC invocations=85 (full 0):
 garbage-first heap   total 378880K, used 164784K [0x0000000080000000, 0x0000000100000000)
  region size 1024K, 8 young (8192K), 8 survivors (8192K)
 Metaspace       used 155187K, capacity 160308K, committed 160512K, reserved 1189888K
  class space    used 19140K, capacity 20978K, committed 20992K, reserved 1048576K
}
Event: 1920.055 GC heap before
{Heap before GC invocations=85 (full 0):
 garbage-first heap   total 378880K, used 277424K [0x0000000080000000, 0x0000000100000000)
  region size 1024K, 102 young (104448K), 8 survivors (8192K)
 Metaspace       used 155338K, capacity 160399K, committed 160512K, reserved 1189888K
  class space    used 19148K, capacity 20982K, committed 20992K, reserved 1048576K
}
Event: 1920.067 GC heap after
{Heap after GC invocations=86 (full 0):
 garbage-first heap   total 378880K, used 169193K [0x0000000080000000, 0x0000000100000000)
  region size 1024K, 5 young (5120K), 5 survivors (5120K)
 Metaspace       used 155338K, capacity 160399K, committed 160512K, reserved 1189888K
  class space    used 19148K, capacity 20982K, committed 20992K, reserved 1048576K
}
Event: 2031.941 GC heap before
{Heap before GC invocations=86 (full 0):
 garbage-first heap   total 378880K, used 276713K [0x0000000080000000, 0x0000000100000000)
  region size 1024K, 103 young (105472K), 5 survivors (5120K)
 Metaspace       used 157980K, capacity 163485K, committed 163584K, reserved 1191936K
  class space    used 19484K, capacity 21423K, committed 21504K, reserved 1048576K
}
Event: 2031.952 GC heap after
{Heap after GC invocations=87 (full 0):
 garbage-first heap   total 378880K, used 174996K [0x0000000080000000, 0x0000000100000000)
  region size 1024K, 9 young (9216K), 9 survivors (9216K)
 Metaspace       used 157980K, capacity 163485K, committed 163584K, reserved 1191936K
  class space    used 19484K, capacity 21423K, committed 21504K, reserved 1048576K
}
Event: 2066.475 GC heap before
{Heap before GC invocations=87 (full 0):
 garbage-first heap   total 378880K, used 277396K [0x0000000080000000, 0x0000000100000000)
  region size 1024K, 110 young (112640K), 9 survivors (9216K)
 Metaspace       used 158642K, capacity 164257K, committed 164480K, reserved 1191936K
  class space    used 19570K, capacity 21559K, committed 21632K, reserved 1048576K
}
Event: 2066.481 GC heap after
{Heap after GC invocations=88 (full 0):
 garbage-first heap   total 378880K, used 170968K [0x0000000080000000, 0x0000000100000000)
  region size 1024K, 6 young (6144K), 6 survivors (6144K)
 Metaspace       used 158642K, capacity 164257K, committed 164480K, reserved 1191936K
  class space    used 19570K, capacity 21559K, committed 21632K, reserved 1048576K
}
Event: 2067.143 GC heap before
{Heap before GC invocations=88 (full 0):
 garbage-first heap   total 378880K, used 283608K [0x0000000080000000, 0x0000000100000000)
  region size 1024K, 116 young (118784K), 6 survivors (6144K)
 Metaspace       used 159107K, capacity 165040K, committed 165120K, reserved 1191936K
  class space    used 19623K, capacity 21688K, committed 21760K, reserved 1048576K
}
Event: 2067.157 GC heap after
{Heap after GC invocations=89 (full 0):
 garbage-first heap   total 378880K, used 181246K [0x0000000080000000, 0x0000000100000000)
  region size 1024K, 15 young (15360K), 15 survivors (15360K)
 Metaspace       used 159107K, capacity 165040K, committed 165120K, reserved 1191936K
  class space    used 19623K, capacity 21688K, committed 21760K, reserved 1048576K
}
Event: 2090.436 GC heap before
{Heap before GC invocations=89 (full 0):
 garbage-first heap   total 378880K, used 290814K [0x0000000080000000, 0x0000000100000000)
  region size 1024K, 123 young (125952K), 15 survivors (15360K)
 Metaspace       used 159681K, capacity 165756K, committed 166016K, reserved 1193984K
  class space    used 19715K, capacity 21865K, committed 21888K, reserved 1048576K
}
Event: 2090.457 GC heap after
{Heap after GC invocations=90 (full 0):
 garbage-first heap   total 378880K, used 193372K [0x0000000080000000, 0x0000000100000000)
  region size 1024K, 13 young (13312K), 13 survivors (13312K)
 Metaspace       used 159681K, capacity 165756K, committed 166016K, reserved 1193984K
  class space    used 19715K, capacity 21865K, committed 21888K, reserved 1048576K
}
Event: 2397.980 GC heap before
{Heap before GC invocations=90 (full 0):
 garbage-first heap   total 378880K, used 296796K [0x0000000080000000, 0x0000000100000000)
  region size 1024K, 115 young (117760K), 13 survivors (13312K)
 Metaspace       used 159830K, capacity 165817K, committed 166016K, reserved 1193984K
  class space    used 19723K, capacity 21880K, committed 21888K, reserved 1048576K
}
Event: 2397.994 GC heap after
{Heap after GC invocations=91 (full 0):
 garbage-first heap   total 378880K, used 196700K [0x0000000080000000, 0x0000000100000000)
  region size 1024K, 14 young (14336K), 14 survivors (14336K)
 Metaspace       used 159830K, capacity 165817K, committed 166016K, reserved 1193984K
  class space    used 19723K, capacity 21880K, committed 21888K, reserved 1048576K
}
Event: 2398.780 GC heap before
{Heap before GC invocations=91 (full 0):
 garbage-first heap   total 378880K, used 310364K [0x0000000080000000, 0x0000000100000000)
  region size 1024K, 115 young (117760K), 14 survivors (14336K)
 Metaspace       used 159869K, capacity 165881K, committed 166016K, reserved 1193984K
  class space    used 19723K, capacity 21880K, committed 21888K, reserved 1048576K
}
Event: 2398.794 GC heap after
{Heap after GC invocations=92 (full 0):
 garbage-first heap   total 378880K, used 211903K [0x0000000080000000, 0x0000000100000000)
  region size 1024K, 15 young (15360K), 15 survivors (15360K)
 Metaspace       used 159869K, capacity 165881K, committed 166016K, reserved 1193984K
  class space    used 19723K, capacity 21880K, committed 21888K, reserved 1048576K
}
Event: 2399.161 GC heap before
{Heap before GC invocations=92 (full 0):
 garbage-first heap   total 378880K, used 319423K [0x0000000080000000, 0x0000000100000000)
  region size 1024K, 105 young (107520K), 15 survivors (15360K)
 Metaspace       used 159914K, capacity 165887K, committed 166016K, reserved 1193984K
  class space    used 19724K, capacity 21882K, committed 21888K, reserved 1048576K
}
Event: 2399.178 GC heap after
{Heap after GC invocations=93 (full 0):
 garbage-first heap   total 378880K, used 215060K [0x0000000080000000, 0x0000000100000000)
  region size 1024K, 4 young (4096K), 4 survivors (4096K)
 Metaspace       used 159914K, capacity 165887K, committed 166016K, reserved 1193984K
  class space    used 19724K, capacity 21882K, committed 21888K, reserved 1048576K
}
Event: 2399.656 GC heap before
{Heap before GC invocations=93 (full 0):
 garbage-first heap   total 378880K, used 291860K [0x0000000080000000, 0x0000000100000000)
  region size 1024K, 79 young (80896K), 4 survivors (4096K)
 Metaspace       used 159995K, capacity 166050K, committed 166400K, reserved 1193984K
  class space    used 19731K, capacity 21893K, committed 22016K, reserved 1048576K
}
Event: 2399.670 GC heap after
{Heap after GC invocations=94 (full 0):
 garbage-first heap   total 378880K, used 217928K [0x0000000080000000, 0x0000000100000000)
  region size 1024K, 5 young (5120K), 5 survivors (5120K)
 Metaspace       used 159995K, capacity 166050K, committed 166400K, reserved 1193984K
  class space    used 19731K, capacity 21893K, committed 22016K, reserved 1048576K
}

